<?xml version="1.0" encoding="UTF-8"?>
<testng-results ignored="0" total="1" passed="1" failed="0" skipped="0">
  <reporter-output>
  </reporter-output>
  <suite started-at="2024-08-22T20:31:07 IST" name="Default suite" finished-at="2024-08-22T20:31:09 IST" duration-ms="1613">
    <groups>
    </groups>
    <test started-at="2024-08-22T20:31:07 IST" name="Default test" finished-at="2024-08-22T20:31:09 IST" duration-ms="1613">
      <class name="com.saturday.DataHead">
        <test-method signature="head1()[pri:0, instance:com.saturday.DataHead@28701274]" started-at="2024-08-22T20:31:07 IST" name="head1" finished-at="2024-08-22T20:31:09 IST" duration-ms="1569" status="PASS">
          <reporter-output>
          </reporter-output>
        </test-method> <!-- head1 -->
      </class> <!-- com.saturday.DataHead -->
    </test> <!-- Default test -->
  </suite> <!-- Default suite -->
</testng-results>
